  [1m[35m (0.7ms)[0m  [1m[35mDROP TABLE IF EXISTS "courses" CASCADE[0m
  [1m[35m (16.5ms)[0m  [1m[35mCREATE TABLE "courses" ("id" bigserial primary key, "name" character varying, "prereq_id" integer, "instructor_id" integer, "created_at" timestamp NOT NULL, "updated_at" timestamp NOT NULL)[0m
  [1m[35m (0.5ms)[0m  [1m[35mDROP TABLE IF EXISTS "enrollments" CASCADE[0m
  [1m[35m (5.2ms)[0m  [1m[35mCREATE TABLE "enrollments" ("id" bigserial primary key, "course_id" integer, "student_id" integer, "created_at" timestamp NOT NULL, "updated_at" timestamp NOT NULL)[0m
  [1m[35m (0.3ms)[0m  [1m[35mDROP TABLE IF EXISTS "users" CASCADE[0m
  [1m[35m (4.7ms)[0m  [1m[35mCREATE TABLE "users" ("id" bigserial primary key, "name" character varying, "created_at" timestamp NOT NULL, "updated_at" timestamp NOT NULL)[0m
  [1m[35m (3.3ms)[0m  [1m[35mCREATE TABLE "schema_migrations" ("version" character varying NOT NULL PRIMARY KEY)[0m
  [1m[35m (1.1ms)[0m  [1m[34mSELECT "schema_migrations"."version" FROM "schema_migrations" ORDER BY "schema_migrations"."version" ASC[0m
  [1m[35m (3.2ms)[0m  [1m[32mINSERT INTO "schema_migrations" (version) VALUES (20170710184251)[0m
  [1m[35m (0.6ms)[0m  [1m[32mINSERT INTO "schema_migrations" (version) VALUES
(20170710184213),
(20170710184239);

[0m
  [1m[35m (4.4ms)[0m  [1m[35mCREATE TABLE "ar_internal_metadata" ("key" character varying NOT NULL PRIMARY KEY, "value" character varying, "created_at" timestamp NOT NULL, "updated_at" timestamp NOT NULL)[0m
  [1m[36mActiveRecord::InternalMetadata Load (0.6ms)[0m  [1m[34mSELECT  "ar_internal_metadata".* FROM "ar_internal_metadata" WHERE "ar_internal_metadata"."key" = $1 LIMIT $2[0m  [["key", "environment"], ["LIMIT", 1]]
  [1m[35m (0.3ms)[0m  [1m[35mBEGIN[0m
  [1m[35mSQL (1.1ms)[0m  [1m[32mINSERT INTO "ar_internal_metadata" ("key", "value", "created_at", "updated_at") VALUES ($1, $2, $3, $4) RETURNING "key"[0m  [["key", "environment"], ["value", "development"], ["created_at", "2019-11-14 21:43:35.249515"], ["updated_at", "2019-11-14 21:43:35.249515"]]
  [1m[35m (0.3ms)[0m  [1m[35mCOMMIT[0m
  [1m[36mActiveRecord::InternalMetadata Load (0.4ms)[0m  [1m[34mSELECT  "ar_internal_metadata".* FROM "ar_internal_metadata" WHERE "ar_internal_metadata"."key" = $1 LIMIT $2[0m  [["key", "environment"], ["LIMIT", 1]]
  [1m[35m (0.2ms)[0m  [1m[35mBEGIN[0m
  [1m[35m (0.2ms)[0m  [1m[35mCOMMIT[0m
  [1m[35m (0.5ms)[0m  [1m[35mDROP TABLE IF EXISTS "courses" CASCADE[0m
  [1m[35m (10.7ms)[0m  [1m[35mCREATE TABLE "courses" ("id" bigserial primary key, "name" character varying, "prereq_id" integer, "instructor_id" integer, "created_at" timestamp NOT NULL, "updated_at" timestamp NOT NULL)[0m
  [1m[35m (0.5ms)[0m  [1m[35mDROP TABLE IF EXISTS "enrollments" CASCADE[0m
  [1m[35m (3.6ms)[0m  [1m[35mCREATE TABLE "enrollments" ("id" bigserial primary key, "course_id" integer, "student_id" integer, "created_at" timestamp NOT NULL, "updated_at" timestamp NOT NULL)[0m
  [1m[35m (0.3ms)[0m  [1m[35mDROP TABLE IF EXISTS "users" CASCADE[0m
  [1m[35m (4.6ms)[0m  [1m[35mCREATE TABLE "users" ("id" bigserial primary key, "name" character varying, "created_at" timestamp NOT NULL, "updated_at" timestamp NOT NULL)[0m
  [1m[35m (3.6ms)[0m  [1m[35mCREATE TABLE "schema_migrations" ("version" character varying NOT NULL PRIMARY KEY)[0m
  [1m[35m (0.8ms)[0m  [1m[34mSELECT "schema_migrations"."version" FROM "schema_migrations" ORDER BY "schema_migrations"."version" ASC[0m
  [1m[35m (0.7ms)[0m  [1m[32mINSERT INTO "schema_migrations" (version) VALUES (20170710184251)[0m
  [1m[35m (0.5ms)[0m  [1m[32mINSERT INTO "schema_migrations" (version) VALUES
(20170710184213),
(20170710184239);

[0m
  [1m[35m (3.2ms)[0m  [1m[35mCREATE TABLE "ar_internal_metadata" ("key" character varying NOT NULL PRIMARY KEY, "value" character varying, "created_at" timestamp NOT NULL, "updated_at" timestamp NOT NULL)[0m
  [1m[36mActiveRecord::InternalMetadata Load (0.4ms)[0m  [1m[34mSELECT  "ar_internal_metadata".* FROM "ar_internal_metadata" WHERE "ar_internal_metadata"."key" = $1 LIMIT $2[0m  [["key", "environment"], ["LIMIT", 1]]
  [1m[35m (0.1ms)[0m  [1m[35mBEGIN[0m
  [1m[35mSQL (0.5ms)[0m  [1m[32mINSERT INTO "ar_internal_metadata" ("key", "value", "created_at", "updated_at") VALUES ($1, $2, $3, $4) RETURNING "key"[0m  [["key", "environment"], ["value", "development"], ["created_at", "2019-11-14 21:43:35.320220"], ["updated_at", "2019-11-14 21:43:35.320220"]]
  [1m[35m (0.4ms)[0m  [1m[35mCOMMIT[0m
  [1m[36mActiveRecord::InternalMetadata Load (0.3ms)[0m  [1m[34mSELECT  "ar_internal_metadata".* FROM "ar_internal_metadata" WHERE "ar_internal_metadata"."key" = $1 LIMIT $2[0m  [["key", "environment"], ["LIMIT", 1]]
  [1m[35m (0.1ms)[0m  [1m[35mBEGIN[0m
  [1m[35mSQL (0.5ms)[0m  [1m[33mUPDATE "ar_internal_metadata" SET "value" = $1, "updated_at" = $2 WHERE "ar_internal_metadata"."key" = $3[0m  [["value", "test"], ["updated_at", "2019-11-14 21:43:35.324073"], ["key", "environment"]]
  [1m[35m (0.5ms)[0m  [1m[35mCOMMIT[0m
  [1m[35m (1.1ms)[0m  [1m[34mSELECT "schema_migrations"."version" FROM "schema_migrations" ORDER BY "schema_migrations"."version" ASC[0m
  [1m[35m (0.2ms)[0m  [1m[35mBEGIN[0m
  [1m[36mUser Load (0.7ms)[0m  [1m[34mSELECT "users".* FROM "users"[0m
  [1m[35mSQL (0.8ms)[0m  [1m[32mINSERT INTO "users" ("name", "created_at", "updated_at") VALUES ($1, $2, $3) RETURNING "id"[0m  [["name", "CJ"], ["created_at", "2019-11-14 21:43:35.371629"], ["updated_at", "2019-11-14 21:43:35.371629"]]
  [1m[35mSQL (0.4ms)[0m  [1m[32mINSERT INTO "users" ("name", "created_at", "updated_at") VALUES ($1, $2, $3) RETURNING "id"[0m  [["name", "Flarnie"], ["created_at", "2019-11-14 21:43:35.373551"], ["updated_at", "2019-11-14 21:43:35.373551"]]
  [1m[35mSQL (0.4ms)[0m  [1m[32mINSERT INTO "users" ("name", "created_at", "updated_at") VALUES ($1, $2, $3) RETURNING "id"[0m  [["name", "Jeff"], ["created_at", "2019-11-14 21:43:35.374736"], ["updated_at", "2019-11-14 21:43:35.374736"]]
  [1m[35mSQL (0.3ms)[0m  [1m[32mINSERT INTO "users" ("name", "created_at", "updated_at") VALUES ($1, $2, $3) RETURNING "id"[0m  [["name", "Georges St. Pierre"], ["created_at", "2019-11-14 21:43:35.375799"], ["updated_at", "2019-11-14 21:43:35.375799"]]
  [1m[35mSQL (0.5ms)[0m  [1m[32mINSERT INTO "users" ("name", "created_at", "updated_at") VALUES ($1, $2, $3) RETURNING "id"[0m  [["name", "Ned"], ["created_at", "2019-11-14 21:43:35.376872"], ["updated_at", "2019-11-14 21:43:35.376872"]]
  [1m[36mCourse Load (0.7ms)[0m  [1m[34mSELECT "courses".* FROM "courses"[0m
  [1m[35mSQL (0.7ms)[0m  [1m[32mINSERT INTO "courses" ("name", "instructor_id", "created_at", "updated_at") VALUES ($1, $2, $3, $4) RETURNING "id"[0m  [["name", "Ruby 101"], ["instructor_id", 5], ["created_at", "2019-11-14 21:43:35.397435"], ["updated_at", "2019-11-14 21:43:35.397435"]]
  [1m[35mSQL (0.5ms)[0m  [1m[32mINSERT INTO "courses" ("name", "prereq_id", "instructor_id", "created_at", "updated_at") VALUES ($1, $2, $3, $4, $5) RETURNING "id"[0m  [["name", "Ruby 102"], ["prereq_id", 1], ["instructor_id", 5], ["created_at", "2019-11-14 21:43:35.399847"], ["updated_at", "2019-11-14 21:43:35.399847"]]
  [1m[36mEnrollment Load (0.8ms)[0m  [1m[34mSELECT "enrollments".* FROM "enrollments"[0m
  [1m[35mSQL (0.7ms)[0m  [1m[32mINSERT INTO "enrollments" ("course_id", "student_id", "created_at", "updated_at") VALUES ($1, $2, $3, $4) RETURNING "id"[0m  [["course_id", 1], ["student_id", 3], ["created_at", "2019-11-14 21:43:35.419890"], ["updated_at", "2019-11-14 21:43:35.419890"]]
  [1m[35mSQL (0.5ms)[0m  [1m[32mINSERT INTO "enrollments" ("course_id", "student_id", "created_at", "updated_at") VALUES ($1, $2, $3, $4) RETURNING "id"[0m  [["course_id", 1], ["student_id", 4], ["created_at", "2019-11-14 21:43:35.422332"], ["updated_at", "2019-11-14 21:43:35.422332"]]
  [1m[35mSQL (0.4ms)[0m  [1m[32mINSERT INTO "enrollments" ("course_id", "student_id", "created_at", "updated_at") VALUES ($1, $2, $3, $4) RETURNING "id"[0m  [["course_id", 2], ["student_id", 1], ["created_at", "2019-11-14 21:43:35.424316"], ["updated_at", "2019-11-14 21:43:35.424316"]]
  [1m[35mSQL (0.4ms)[0m  [1m[32mINSERT INTO "enrollments" ("course_id", "student_id", "created_at", "updated_at") VALUES ($1, $2, $3, $4) RETURNING "id"[0m  [["course_id", 2], ["student_id", 2], ["created_at", "2019-11-14 21:43:35.425576"], ["updated_at", "2019-11-14 21:43:35.425576"]]
  [1m[35m (0.7ms)[0m  [1m[35mCOMMIT[0m
DEPRECATION WARNING: Passing a class to the `class_name` is deprecated and will raise an ArgumentError in Rails 5.2. It eagerloads more classes than necessary and potentially creates circular dependencies. Please pass the class name as a string: `belongs_to :course, class_name: 'Course'` (called from <class:Enrollment> at /Users/appacademy/Downloads/skeleton/app/models/enrollment.rb:2)
DEPRECATION WARNING: Passing a class to the `class_name` is deprecated and will raise an ArgumentError in Rails 5.2. It eagerloads more classes than necessary and potentially creates circular dependencies. Please pass the class name as a string: `has_many :enrollments, class_name: 'Enrollment'` (called from <class:Course> at /Users/appacademy/Downloads/skeleton/app/models/course.rb:3)
  [1m[36mEnrollment Load (0.6ms)[0m  [1m[34mSELECT  "enrollments".* FROM "enrollments" ORDER BY "enrollments"."id" ASC LIMIT $1[0m  [["LIMIT", 1]]
  [1m[36mEnrollment Load (0.5ms)[0m  [1m[34mSELECT  "enrollments".* FROM "enrollments" ORDER BY "enrollments"."id" ASC LIMIT $1[0m  [["LIMIT", 1]]
  [1m[36mEnrollment Load (0.5ms)[0m  [1m[34mSELECT  "enrollments".* FROM "enrollments" ORDER BY "enrollments"."id" ASC LIMIT $1[0m  [["LIMIT", 1]]
  [1m[36mEnrollment Load (0.5ms)[0m  [1m[34mSELECT  "enrollments".* FROM "enrollments" ORDER BY "enrollments"."id" ASC LIMIT $1[0m  [["LIMIT", 1]]
  [1m[35m (0.3ms)[0m  [1m[34mSELECT pg_try_advisory_lock(8485079227135950285)[0m
  [1m[35m (1.5ms)[0m  [1m[34mSELECT "schema_migrations"."version" FROM "schema_migrations" ORDER BY "schema_migrations"."version" ASC[0m
Migrating to AddColumn (20191114222515)
  [1m[35m (0.2ms)[0m  [1m[35mBEGIN[0m
  [1m[35m (4.4ms)[0m  [1m[35mALTER TABLE "courses" ADD "id" integer[0m
  [1m[35m (0.1ms)[0m  [1m[31mROLLBACK[0m
  [1m[35m (0.3ms)[0m  [1m[34mSELECT pg_advisory_unlock(8485079227135950285)[0m
  [1m[35m (1.1ms)[0m  [1m[34mSELECT "schema_migrations"."version" FROM "schema_migrations" ORDER BY "schema_migrations"."version" ASC[0m
DEPRECATION WARNING: Passing a class to the `class_name` is deprecated and will raise an ArgumentError in Rails 5.2. It eagerloads more classes than necessary and potentially creates circular dependencies. Please pass the class name as a string: `belongs_to :course, class_name: 'Course'` (called from <class:Enrollment> at /Users/appacademy/Downloads/skeleton/app/models/enrollment.rb:2)
DEPRECATION WARNING: Passing a class to the `class_name` is deprecated and will raise an ArgumentError in Rails 5.2. It eagerloads more classes than necessary and potentially creates circular dependencies. Please pass the class name as a string: `has_many :enrollments, class_name: 'Enrollment'` (called from <class:Course> at /Users/appacademy/Downloads/skeleton/app/models/course.rb:3)
  [1m[36mUser Load (0.8ms)[0m  [1m[34mSELECT "users".* FROM "users"[0m
  [1m[35m (0.3ms)[0m  [1m[35mBEGIN[0m
  [1m[35m (0.4ms)[0m  [1m[31mROLLBACK[0m
  [1m[35m (0.3ms)[0m  [1m[35mBEGIN[0m
  [1m[35m (0.3ms)[0m  [1m[31mROLLBACK[0m
DEPRECATION WARNING: Passing a class to the `class_name` is deprecated and will raise an ArgumentError in Rails 5.2. It eagerloads more classes than necessary and potentially creates circular dependencies. Please pass the class name as a string: `has_many :enrollments, class_name: 'Enrollment'` (called from <class:Course> at /Users/appacademy/Downloads/skeleton/app/models/course.rb:15)
DEPRECATION WARNING: Passing a class to the `class_name` is deprecated and will raise an ArgumentError in Rails 5.2. It eagerloads more classes than necessary and potentially creates circular dependencies. Please pass the class name as a string: `belongs_to :course, class_name: 'Course'` (called from <class:Enrollment> at /Users/appacademy/Downloads/skeleton/app/models/enrollment.rb:13)
  [1m[36mEnrollment Load (1.2ms)[0m  [1m[34mSELECT "enrollments".* FROM "enrollments"[0m
  [1m[35m (0.2ms)[0m  [1m[35mBEGIN[0m
  [1m[35m (0.3ms)[0m  [1m[31mROLLBACK[0m
DEPRECATION WARNING: Passing a class to the `class_name` is deprecated and will raise an ArgumentError in Rails 5.2. It eagerloads more classes than necessary and potentially creates circular dependencies. Please pass the class name as a string: `has_many :enrollments, class_name: 'Enrollment'` (called from <class:Course> at /Users/appacademy/Downloads/skeleton/app/models/course.rb:15)
DEPRECATION WARNING: Passing a class to the `class_name` is deprecated and will raise an ArgumentError in Rails 5.2. It eagerloads more classes than necessary and potentially creates circular dependencies. Please pass the class name as a string: `belongs_to :course, class_name: 'Course'` (called from <class:Enrollment> at /Users/appacademy/Downloads/skeleton/app/models/enrollment.rb:13)
DEPRECATION WARNING: Passing a class to the `class_name` is deprecated and will raise an ArgumentError in Rails 5.2. It eagerloads more classes than necessary and potentially creates circular dependencies. Please pass the class name as a string: `has_many :users, class_name: 'User'` (called from <class:Enrollment> at /Users/appacademy/Downloads/skeleton/app/models/enrollment.rb:18)
  [1m[36mEnrollment Load (0.5ms)[0m  [1m[34mSELECT "enrollments".* FROM "enrollments"[0m
  [1m[36mEnrollment Load (0.7ms)[0m  [1m[34mSELECT  "enrollments".* FROM "enrollments" ORDER BY "enrollments"."id" ASC LIMIT $1[0m  [["LIMIT", 1]]
DEPRECATION WARNING: Passing a class to the `class_name` is deprecated and will raise an ArgumentError in Rails 5.2. It eagerloads more classes than necessary and potentially creates circular dependencies. Please pass the class name as a string: `has_many :enrollments, class_name: 'Enrollment'` (called from <class:Course> at /Users/appacademy/Downloads/skeleton/app/models/course.rb:15)
DEPRECATION WARNING: Passing a class to the `class_name` is deprecated and will raise an ArgumentError in Rails 5.2. It eagerloads more classes than necessary and potentially creates circular dependencies. Please pass the class name as a string: `belongs_to :course, class_name: 'Course'` (called from <class:Enrollment> at /Users/appacademy/Downloads/skeleton/app/models/enrollment.rb:13)
DEPRECATION WARNING: Passing a class to the `class_name` is deprecated and will raise an ArgumentError in Rails 5.2. It eagerloads more classes than necessary and potentially creates circular dependencies. Please pass the class name as a string: `belongs_to :user, class_name: 'User'` (called from <class:Enrollment> at /Users/appacademy/Downloads/skeleton/app/models/enrollment.rb:18)
  [1m[36mEnrollment Load (0.6ms)[0m  [1m[34mSELECT  "enrollments".* FROM "enrollments" ORDER BY "enrollments"."id" ASC LIMIT $1[0m  [["LIMIT", 1]]
  [1m[36mUser Load (0.4ms)[0m  [1m[34mSELECT  "users".* FROM "users" WHERE "users"."id" = $1 LIMIT $2[0m  [["id", 3], ["LIMIT", 1]]
  [1m[35m (0.2ms)[0m  [1m[35mBEGIN[0m
  [1m[35m (0.3ms)[0m  [1m[31mROLLBACK[0m
  [1m[36mEnrollment Load (0.7ms)[0m  [1m[34mSELECT  "enrollments".* FROM "enrollments" ORDER BY "enrollments"."id" ASC LIMIT $1[0m  [["LIMIT", 1]]
  [1m[36mCourse Load (1.1ms)[0m  [1m[34mSELECT "courses".* FROM "courses"[0m
  [1m[36mEnrollment Load (0.6ms)[0m  [1m[34mSELECT "enrollments".* FROM "enrollments"[0m
  [1m[36mEnrollment Load (0.5ms)[0m  [1m[34mSELECT  "enrollments".* FROM "enrollments" ORDER BY "enrollments"."id" ASC LIMIT $1[0m  [["LIMIT", 1]]
  [1m[36mEnrollment Load (0.5ms)[0m  [1m[34mSELECT  "enrollments".* FROM "enrollments" ORDER BY "enrollments"."id" ASC LIMIT $1[0m  [["LIMIT", 1]]
DEPRECATION WARNING: Passing a class to the `class_name` is deprecated and will raise an ArgumentError in Rails 5.2. It eagerloads more classes than necessary and potentially creates circular dependencies. Please pass the class name as a string: `has_many :enrollments, class_name: 'Enrollment'` (called from <class:Course> at /Users/appacademy/Downloads/skeleton/app/models/course.rb:15)
DEPRECATION WARNING: Passing a class to the `class_name` is deprecated and will raise an ArgumentError in Rails 5.2. It eagerloads more classes than necessary and potentially creates circular dependencies. Please pass the class name as a string: `belongs_to :course, class_name: 'Course'` (called from <class:Enrollment> at /Users/appacademy/Downloads/skeleton/app/models/enrollment.rb:13)
DEPRECATION WARNING: Passing a class to the `class_name` is deprecated and will raise an ArgumentError in Rails 5.2. It eagerloads more classes than necessary and potentially creates circular dependencies. Please pass the class name as a string: `belongs_to :user, class_name: 'User'` (called from <class:Enrollment> at /Users/appacademy/Downloads/skeleton/app/models/enrollment.rb:18)
  [1m[36mEnrollment Load (0.5ms)[0m  [1m[34mSELECT  "enrollments".* FROM "enrollments" ORDER BY "enrollments"."id" ASC LIMIT $1[0m  [["LIMIT", 1]]
DEPRECATION WARNING: Passing a class to the `class_name` is deprecated and will raise an ArgumentError in Rails 5.2. It eagerloads more classes than necessary and potentially creates circular dependencies. Please pass the class name as a string: `has_many :enrollments, class_name: 'Enrollment'` (called from <class:Course> at /Users/appacademy/Downloads/skeleton/app/models/course.rb:15)
DEPRECATION WARNING: Passing a class to the `class_name` is deprecated and will raise an ArgumentError in Rails 5.2. It eagerloads more classes than necessary and potentially creates circular dependencies. Please pass the class name as a string: `belongs_to :course, class_name: 'Course'` (called from <class:Enrollment> at /Users/appacademy/Downloads/skeleton/app/models/enrollment.rb:13)
DEPRECATION WARNING: Passing a class to the `class_name` is deprecated and will raise an ArgumentError in Rails 5.2. It eagerloads more classes than necessary and potentially creates circular dependencies. Please pass the class name as a string: `belongs_to :user, class_name: 'User'` (called from <class:Enrollment> at /Users/appacademy/Downloads/skeleton/app/models/enrollment.rb:18)
  [1m[36mEnrollment Load (0.4ms)[0m  [1m[34mSELECT  "enrollments".* FROM "enrollments" ORDER BY "enrollments"."id" ASC LIMIT $1[0m  [["LIMIT", 1]]
  [1m[36mCourse Load (0.4ms)[0m  [1m[34mSELECT  "courses".* FROM "courses" WHERE "courses"."id" = $1 LIMIT $2[0m  [["id", 1], ["LIMIT", 1]]
  [1m[36mUser Load (0.3ms)[0m  [1m[34mSELECT  "users".* FROM "users" ORDER BY "users"."id" ASC LIMIT $1[0m  [["LIMIT", 1]]
DEPRECATION WARNING: Passing a class to the `class_name` is deprecated and will raise an ArgumentError in Rails 5.2. It eagerloads more classes than necessary and potentially creates circular dependencies. Please pass the class name as a string: `has_many :enrollments, class_name: 'Enrollment'` (called from <class:Course> at /Users/appacademy/Downloads/skeleton/app/models/course.rb:15)
DEPRECATION WARNING: Passing a class to the `class_name` is deprecated and will raise an ArgumentError in Rails 5.2. It eagerloads more classes than necessary and potentially creates circular dependencies. Please pass the class name as a string: `belongs_to :course, class_name: 'Course'` (called from <class:Enrollment> at /Users/appacademy/Downloads/skeleton/app/models/enrollment.rb:13)
DEPRECATION WARNING: Passing a class to the `class_name` is deprecated and will raise an ArgumentError in Rails 5.2. It eagerloads more classes than necessary and potentially creates circular dependencies. Please pass the class name as a string: `belongs_to :user, class_name: 'User'` (called from <class:Enrollment> at /Users/appacademy/Downloads/skeleton/app/models/enrollment.rb:18)
  [1m[36mEnrollment Load (0.3ms)[0m  [1m[34mSELECT "enrollments".* FROM "enrollments" WHERE "enrollments"."student_id" = $1[0m  [["student_id", 1]]
  [1m[36mUser Load (0.5ms)[0m  [1m[34mSELECT  "users".* FROM "users" ORDER BY "users"."id" ASC LIMIT $1[0m  [["LIMIT", 1]]
  [1m[36mCourse Load (1.0ms)[0m  [1m[34mSELECT "courses".* FROM "courses" INNER JOIN "enrollments" ON "courses"."id" = "enrollments"."course_id" WHERE "enrollments"."student_id" = $1[0m  [["student_id", 1]]
  [1m[36mEnrollment Load (0.6ms)[0m  [1m[34mSELECT "enrollments".* FROM "enrollments"[0m
  [1m[35m (0.2ms)[0m  [1m[35mBEGIN[0m
  [1m[36mCourse Load (0.4ms)[0m  [1m[34mSELECT  "courses".* FROM "courses" WHERE "courses"."id" = $1 LIMIT $2[0m  [["id", 1], ["LIMIT", 1]]
  [1m[36mUser Load (0.4ms)[0m  [1m[34mSELECT  "users".* FROM "users" WHERE "users"."id" = $1 LIMIT $2[0m  [["id", 1], ["LIMIT", 1]]
  [1m[35mSQL (2.8ms)[0m  [1m[32mINSERT INTO "enrollments" ("course_id", "student_id", "created_at", "updated_at") VALUES ($1, $2, $3, $4) RETURNING "id"[0m  [["course_id", 1], ["student_id", 1], ["created_at", "2019-11-14 23:07:44.450323"], ["updated_at", "2019-11-14 23:07:44.450323"]]
  [1m[35m (1.6ms)[0m  [1m[35mCOMMIT[0m
  [1m[36mEnrollment Load (0.5ms)[0m  [1m[34mSELECT "enrollments".* FROM "enrollments"[0m
  [1m[36mUser Load (0.5ms)[0m  [1m[34mSELECT  "users".* FROM "users" ORDER BY "users"."id" ASC LIMIT $1[0m  [["LIMIT", 1]]
  [1m[36mEnrollment Load (0.4ms)[0m  [1m[34mSELECT "enrollments".* FROM "enrollments" WHERE "enrollments"."student_id" = $1[0m  [["student_id", 1]]
  [1m[36mUser Load (0.5ms)[0m  [1m[34mSELECT  "users".* FROM "users" ORDER BY "users"."id" ASC LIMIT $1[0m  [["LIMIT", 1]]
  [1m[36mCourse Load (0.8ms)[0m  [1m[34mSELECT "courses".* FROM "courses" INNER JOIN "enrollments" ON "courses"."id" = "enrollments"."course_id" WHERE "enrollments"."student_id" = $1[0m  [["student_id", 1]]
DEPRECATION WARNING: Passing a class to the `class_name` is deprecated and will raise an ArgumentError in Rails 5.2. It eagerloads more classes than necessary and potentially creates circular dependencies. Please pass the class name as a string: `belongs_to :course, class_name: 'Course'` (called from <class:Enrollment> at /Users/appacademy/Downloads/skeleton/app/models/enrollment.rb:13)
DEPRECATION WARNING: Passing a class to the `class_name` is deprecated and will raise an ArgumentError in Rails 5.2. It eagerloads more classes than necessary and potentially creates circular dependencies. Please pass the class name as a string: `belongs_to :user, class_name: 'User'` (called from <class:Enrollment> at /Users/appacademy/Downloads/skeleton/app/models/enrollment.rb:18)
DEPRECATION WARNING: Passing a class to the `class_name` is deprecated and will raise an ArgumentError in Rails 5.2. It eagerloads more classes than necessary and potentially creates circular dependencies. Please pass the class name as a string: `has_many :enrollments, class_name: 'Enrollment'` (called from <class:Course> at /Users/appacademy/Downloads/skeleton/app/models/course.rb:15)
  [1m[36mCourse Load (0.4ms)[0m  [1m[34mSELECT  "courses".* FROM "courses" ORDER BY "courses"."id" ASC LIMIT $1[0m  [["LIMIT", 1]]
  [1m[36mEnrollment Load (0.3ms)[0m  [1m[34mSELECT "enrollments".* FROM "enrollments" WHERE "enrollments"."course_id" = $1[0m  [["course_id", 1]]
  [1m[36mCourse Load (0.5ms)[0m  [1m[34mSELECT  "courses".* FROM "courses" ORDER BY "courses"."id" ASC LIMIT $1[0m  [["LIMIT", 1]]
  [1m[36mUser Load (0.6ms)[0m  [1m[34mSELECT "users".* FROM "users" INNER JOIN "enrollments" ON "users"."id" = "enrollments"."student_id" WHERE "enrollments"."course_id" = $1[0m  [["course_id", 1]]
DEPRECATION WARNING: Passing a class to the `class_name` is deprecated and will raise an ArgumentError in Rails 5.2. It eagerloads more classes than necessary and potentially creates circular dependencies. Please pass the class name as a string: `belongs_to :course, class_name: 'Course'` (called from <class:Enrollment> at /Users/appacademy/Downloads/skeleton/app/models/enrollment.rb:13)
DEPRECATION WARNING: Passing a class to the `class_name` is deprecated and will raise an ArgumentError in Rails 5.2. It eagerloads more classes than necessary and potentially creates circular dependencies. Please pass the class name as a string: `belongs_to :user, class_name: 'User'` (called from <class:Enrollment> at /Users/appacademy/Downloads/skeleton/app/models/enrollment.rb:18)
DEPRECATION WARNING: Passing a class to the `class_name` is deprecated and will raise an ArgumentError in Rails 5.2. It eagerloads more classes than necessary and potentially creates circular dependencies. Please pass the class name as a string: `has_many :enrollments, class_name: 'Enrollment'` (called from <class:Course> at /Users/appacademy/Downloads/skeleton/app/models/course.rb:15)
DEPRECATION WARNING: Passing a class to the `class_name` is deprecated and will raise an ArgumentError in Rails 5.2. It eagerloads more classes than necessary and potentially creates circular dependencies. Please pass the class name as a string: `has_one :pre_req, class_name: 'Course'` (called from <class:Course> at /Users/appacademy/Downloads/skeleton/app/models/course.rb:24)
  [1m[36mCourse Load (0.5ms)[0m  [1m[34mSELECT  "courses".* FROM "courses" ORDER BY "courses"."id" DESC LIMIT $1[0m  [["LIMIT", 1]]
  [1m[36mCourse Load (0.5ms)[0m  [1m[34mSELECT  "courses".* FROM "courses" WHERE "courses"."id" = $1 LIMIT $2[0m  [["id", 1], ["LIMIT", 1]]
DEPRECATION WARNING: Passing a class to the `class_name` is deprecated and will raise an ArgumentError in Rails 5.2. It eagerloads more classes than necessary and potentially creates circular dependencies. Please pass the class name as a string: `belongs_to :course, class_name: 'Course'` (called from <class:Enrollment> at /Users/appacademy/Downloads/skeleton/app/models/enrollment.rb:13)
DEPRECATION WARNING: Passing a class to the `class_name` is deprecated and will raise an ArgumentError in Rails 5.2. It eagerloads more classes than necessary and potentially creates circular dependencies. Please pass the class name as a string: `belongs_to :user, class_name: 'User'` (called from <class:Enrollment> at /Users/appacademy/Downloads/skeleton/app/models/enrollment.rb:18)
DEPRECATION WARNING: Passing a class to the `class_name` is deprecated and will raise an ArgumentError in Rails 5.2. It eagerloads more classes than necessary and potentially creates circular dependencies. Please pass the class name as a string: `has_many :enrollments, class_name: 'Enrollment'` (called from <class:Course> at /Users/appacademy/Downloads/skeleton/app/models/course.rb:15)
DEPRECATION WARNING: Passing a class to the `class_name` is deprecated and will raise an ArgumentError in Rails 5.2. It eagerloads more classes than necessary and potentially creates circular dependencies. Please pass the class name as a string: `has_one :pre_req, class_name: 'Course'` (called from <class:Course> at /Users/appacademy/Downloads/skeleton/app/models/course.rb:24)
DEPRECATION WARNING: Passing a class to the `class_name` is deprecated and will raise an ArgumentError in Rails 5.2. It eagerloads more classes than necessary and potentially creates circular dependencies. Please pass the class name as a string: `has_one :instructor, class_name: 'Course'` (called from <class:Course> at /Users/appacademy/Downloads/skeleton/app/models/course.rb:29)
  [1m[36mCourse Load (0.5ms)[0m  [1m[34mSELECT  "courses".* FROM "courses" ORDER BY "courses"."id" ASC LIMIT $1[0m  [["LIMIT", 1]]
  [1m[36mCourse Load (0.5ms)[0m  [1m[34mSELECT  "courses".* FROM "courses" WHERE "courses"."id" = $1 LIMIT $2[0m  [["id", 5], ["LIMIT", 1]]
  [1m[36mCourse Load (0.6ms)[0m  [1m[34mSELECT  "courses".* FROM "courses" ORDER BY "courses"."id" DESC LIMIT $1[0m  [["LIMIT", 1]]
  [1m[36mCourse Load (0.5ms)[0m  [1m[34mSELECT  "courses".* FROM "courses" WHERE "courses"."id" = $1 LIMIT $2[0m  [["id", 5], ["LIMIT", 1]]
DEPRECATION WARNING: Passing a class to the `class_name` is deprecated and will raise an ArgumentError in Rails 5.2. It eagerloads more classes than necessary and potentially creates circular dependencies. Please pass the class name as a string: `belongs_to :course, class_name: 'Course'` (called from <class:Enrollment> at /Users/appacademy/Downloads/skeleton/app/models/enrollment.rb:13)
DEPRECATION WARNING: Passing a class to the `class_name` is deprecated and will raise an ArgumentError in Rails 5.2. It eagerloads more classes than necessary and potentially creates circular dependencies. Please pass the class name as a string: `belongs_to :user, class_name: 'User'` (called from <class:Enrollment> at /Users/appacademy/Downloads/skeleton/app/models/enrollment.rb:18)
DEPRECATION WARNING: Passing a class to the `class_name` is deprecated and will raise an ArgumentError in Rails 5.2. It eagerloads more classes than necessary and potentially creates circular dependencies. Please pass the class name as a string: `has_many :enrollments, class_name: 'Enrollment'` (called from <class:Course> at /Users/appacademy/Downloads/skeleton/app/models/course.rb:15)
DEPRECATION WARNING: Passing a class to the `class_name` is deprecated and will raise an ArgumentError in Rails 5.2. It eagerloads more classes than necessary and potentially creates circular dependencies. Please pass the class name as a string: `has_one :pre_req, class_name: 'Course'` (called from <class:Course> at /Users/appacademy/Downloads/skeleton/app/models/course.rb:24)
DEPRECATION WARNING: Passing a class to the `class_name` is deprecated and will raise an ArgumentError in Rails 5.2. It eagerloads more classes than necessary and potentially creates circular dependencies. Please pass the class name as a string: `belongs_to :instructor, class_name: 'Course'` (called from <class:Course> at /Users/appacademy/Downloads/skeleton/app/models/course.rb:29)
  [1m[36mCourse Load (0.4ms)[0m  [1m[34mSELECT  "courses".* FROM "courses" ORDER BY "courses"."id" DESC LIMIT $1[0m  [["LIMIT", 1]]
  [1m[36mCourse Load (0.3ms)[0m  [1m[34mSELECT  "courses".* FROM "courses" WHERE "courses"."instructor_id" = $1 LIMIT $2[0m  [["instructor_id", 2], ["LIMIT", 1]]
  [1m[36mCourse Load (0.6ms)[0m  [1m[34mSELECT  "courses".* FROM "courses" ORDER BY "courses"."id" DESC LIMIT $1[0m  [["LIMIT", 1]]
  [1m[36mCourse Load (0.6ms)[0m  [1m[34mSELECT  "courses".* FROM "courses" ORDER BY "courses"."id" DESC LIMIT $1[0m  [["LIMIT", 1]]
  [1m[36mCourse Load (0.5ms)[0m  [1m[34mSELECT  "courses".* FROM "courses" WHERE "courses"."id" = $1 LIMIT $2[0m  [["id", 1], ["LIMIT", 1]]
  [1m[36mCourse Load (0.6ms)[0m  [1m[34mSELECT  "courses".* FROM "courses" ORDER BY "courses"."id" DESC LIMIT $1[0m  [["LIMIT", 1]]
  [1m[36mCourse Load (0.4ms)[0m  [1m[34mSELECT  "courses".* FROM "courses" WHERE "courses"."id" = $1 LIMIT $2[0m  [["id", 1], ["LIMIT", 1]]
DEPRECATION WARNING: Passing a class to the `class_name` is deprecated and will raise an ArgumentError in Rails 5.2. It eagerloads more classes than necessary and potentially creates circular dependencies. Please pass the class name as a string: `belongs_to :course, class_name: 'Course'` (called from <class:Enrollment> at /Users/appacademy/Downloads/skeleton/app/models/enrollment.rb:13)
DEPRECATION WARNING: Passing a class to the `class_name` is deprecated and will raise an ArgumentError in Rails 5.2. It eagerloads more classes than necessary and potentially creates circular dependencies. Please pass the class name as a string: `belongs_to :user, class_name: 'User'` (called from <class:Enrollment> at /Users/appacademy/Downloads/skeleton/app/models/enrollment.rb:18)
DEPRECATION WARNING: Passing a class to the `class_name` is deprecated and will raise an ArgumentError in Rails 5.2. It eagerloads more classes than necessary and potentially creates circular dependencies. Please pass the class name as a string: `has_many :enrollments, class_name: 'Enrollment'` (called from <class:Course> at /Users/appacademy/Downloads/skeleton/app/models/course.rb:15)
DEPRECATION WARNING: Passing a class to the `class_name` is deprecated and will raise an ArgumentError in Rails 5.2. It eagerloads more classes than necessary and potentially creates circular dependencies. Please pass the class name as a string: `has_one :pre_req, class_name: 'Course'` (called from <class:Course> at /Users/appacademy/Downloads/skeleton/app/models/course.rb:24)
DEPRECATION WARNING: Passing a class to the `class_name` is deprecated and will raise an ArgumentError in Rails 5.2. It eagerloads more classes than necessary and potentially creates circular dependencies. Please pass the class name as a string: `belongs_to :get_instructor, class_name: 'Course'` (called from <class:Course> at /Users/appacademy/Downloads/skeleton/app/models/course.rb:29)
  [1m[36mCourse Load (0.5ms)[0m  [1m[34mSELECT  "courses".* FROM "courses" ORDER BY "courses"."id" DESC LIMIT $1[0m  [["LIMIT", 1]]
  [1m[36mCourse Load (0.3ms)[0m  [1m[34mSELECT  "courses".* FROM "courses" WHERE "courses"."id" = $1 LIMIT $2[0m  [["id", 5], ["LIMIT", 1]]
  [1m[36mCourse Load (0.6ms)[0m  [1m[34mSELECT  "courses".* FROM "courses" ORDER BY "courses"."id" DESC LIMIT $1[0m  [["LIMIT", 1]]
DEPRECATION WARNING: Passing a class to the `class_name` is deprecated and will raise an ArgumentError in Rails 5.2. It eagerloads more classes than necessary and potentially creates circular dependencies. Please pass the class name as a string: `belongs_to :course, class_name: 'Course'` (called from <class:Enrollment> at /Users/appacademy/Downloads/skeleton/app/models/enrollment.rb:13)
DEPRECATION WARNING: Passing a class to the `class_name` is deprecated and will raise an ArgumentError in Rails 5.2. It eagerloads more classes than necessary and potentially creates circular dependencies. Please pass the class name as a string: `belongs_to :user, class_name: 'User'` (called from <class:Enrollment> at /Users/appacademy/Downloads/skeleton/app/models/enrollment.rb:18)
DEPRECATION WARNING: Passing a class to the `class_name` is deprecated and will raise an ArgumentError in Rails 5.2. It eagerloads more classes than necessary and potentially creates circular dependencies. Please pass the class name as a string: `has_many :enrollments, class_name: 'Enrollment'` (called from <class:Course> at /Users/appacademy/Downloads/skeleton/app/models/course.rb:15)
DEPRECATION WARNING: Passing a class to the `class_name` is deprecated and will raise an ArgumentError in Rails 5.2. It eagerloads more classes than necessary and potentially creates circular dependencies. Please pass the class name as a string: `has_one :pre_req, class_name: 'Course'` (called from <class:Course> at /Users/appacademy/Downloads/skeleton/app/models/course.rb:24)
DEPRECATION WARNING: Passing a class to the `class_name` is deprecated and will raise an ArgumentError in Rails 5.2. It eagerloads more classes than necessary and potentially creates circular dependencies. Please pass the class name as a string: `belongs_to :get_instructor, class_name: 'Enrollment'` (called from <class:Course> at /Users/appacademy/Downloads/skeleton/app/models/course.rb:29)
  [1m[36mCourse Load (0.3ms)[0m  [1m[34mSELECT  "courses".* FROM "courses" ORDER BY "courses"."id" DESC LIMIT $1[0m  [["LIMIT", 1]]
DEPRECATION WARNING: Passing a class to the `class_name` is deprecated and will raise an ArgumentError in Rails 5.2. It eagerloads more classes than necessary and potentially creates circular dependencies. Please pass the class name as a string: `belongs_to :course, class_name: 'Course'` (called from <class:Enrollment> at /Users/appacademy/Downloads/skeleton/app/models/enrollment.rb:13)
DEPRECATION WARNING: Passing a class to the `class_name` is deprecated and will raise an ArgumentError in Rails 5.2. It eagerloads more classes than necessary and potentially creates circular dependencies. Please pass the class name as a string: `belongs_to :user, class_name: 'User'` (called from <class:Enrollment> at /Users/appacademy/Downloads/skeleton/app/models/enrollment.rb:18)
DEPRECATION WARNING: Passing a class to the `class_name` is deprecated and will raise an ArgumentError in Rails 5.2. It eagerloads more classes than necessary and potentially creates circular dependencies. Please pass the class name as a string: `has_many :enrollments, class_name: 'Enrollment'` (called from <class:Course> at /Users/appacademy/Downloads/skeleton/app/models/course.rb:15)
DEPRECATION WARNING: Passing a class to the `class_name` is deprecated and will raise an ArgumentError in Rails 5.2. It eagerloads more classes than necessary and potentially creates circular dependencies. Please pass the class name as a string: `has_one :pre_req, class_name: 'Course'` (called from <class:Course> at /Users/appacademy/Downloads/skeleton/app/models/course.rb:24)
DEPRECATION WARNING: Passing a class to the `class_name` is deprecated and will raise an ArgumentError in Rails 5.2. It eagerloads more classes than necessary and potentially creates circular dependencies. Please pass the class name as a string: `has_one :get_instructor, class_name: 'User'` (called from <class:Course> at /Users/appacademy/Downloads/skeleton/app/models/course.rb:29)
  [1m[36mCourse Load (0.4ms)[0m  [1m[34mSELECT  "courses".* FROM "courses" ORDER BY "courses"."id" DESC LIMIT $1[0m  [["LIMIT", 1]]
  [1m[36mCourse Load (0.5ms)[0m  [1m[34mSELECT  "courses".* FROM "courses" ORDER BY "courses"."id" DESC LIMIT $1[0m  [["LIMIT", 1]]
  [1m[36mUser Load (0.3ms)[0m  [1m[34mSELECT  "users".* FROM "users" WHERE "users"."id" = $1 LIMIT $2[0m  [["id", 5], ["LIMIT", 1]]
  [1m[36mCourse Load (0.6ms)[0m  [1m[34mSELECT  "courses".* FROM "courses" ORDER BY "courses"."id" DESC LIMIT $1[0m  [["LIMIT", 1]]
  [1m[36mUser Load (0.5ms)[0m  [1m[34mSELECT "users".* FROM "users" INNER JOIN "enrollments" ON "users"."id" = "enrollments"."student_id" WHERE "enrollments"."course_id" = $1[0m  [["course_id", 2]]
  [1m[36mCourse Load (0.7ms)[0m  [1m[34mSELECT "courses".* FROM "courses"[0m
